0.390019299007
0.342093444289
0.329910748356
0.311477148608
0.283127327611
0.27106042927
0.271793994763
0.274307990845
0.282270703602
0.309885373774
0.348915771743
0.3496118232
0.348465569422
0.34633219482
0.343462932386
0.339925949394
0.335701801885
0.330707498059
0.324793065058
0.317717406751
0.309096039456
0.298302165763
0.284321050386
0.265972122724
0.246125737126
0.235291501859
0.226264143314
0.214405052985
0.200344245688
0.192777472018
0.19230949192
0.192399312294
0.192559359065
0.192734843078
0.192911864669
0.193085711424
0.193254589162
0.193417831219
0.193575260235
0.193726926786
0.193872990644
0.194013662816
0.194149175292
0.194279766112
0.194405669149
0.194527111733
0.194644310366
0.194757471208
0.194866788812
0.194972446696
0.195074618219
0.195173465299
0.195269141774
0.195361791312
0.195451549836
0.195538544829
0.195622896481
0.195704718312
0.195784117401
0.19586119507
0.195936046773
0.196008762609
0.196079428444
0.196148125033
0.196214929592
0.196279914344
0.196343149049
0.19640469901
0.196464627204
0.196522992295
0.196579851363
0.196635258124
0.196689264084
0.196741918139
0.196793266942
0.196843355111
0.19689222559
0.19693991847
0.19698647335
0.197031927341
0.197076316262
0.197119674024
0.197162033622
0.197203426337
0.197243882529
0.197283430816
0.197322099098
0.197359914123
0.197396901309
0.197433085715
0.197468490655
0.197503139091
0.197537052831
0.197570252921
0.197602760042
0.19763459312
0.197665771709
0.197696313993
0.197726236991
0.197755557954
